PKNOTS: optimal minimum-energy RNA folding with pseudoknots and coaxial energies
        PKNOTS 1.05 (Thu Aug 11 11:25:58 CDT 2005) using squid 1.5m (Sept 1997)
---------------------------------------------------
Folding sequences from:  potential_bases.fasta 
---------------------------------------------------

NAM  protected
DES  bases fun
SEQ  +SS
       1 G   A   C   G   G   U   C   A   C   C   U   A   A   A   G   G   G   U   G   G
         0   1   2   3   4   5   6   7   8   9   10  11  12  13  14  15  16  17  18  19  
         .   .   .   .   .   .   .   17  16  15  .   .   .   .   .   9   8   7   78  77  

      21 U   A   A   A   U   G   U   A   A   A   A   U   A   A   A   C   U   U   G   G
         20  21  22  23  24  25  26  27  28  29  30  31  32  33  34  35  36  37  38  39  
         76  75  74  73  .   35  34  .   .   .   .   .   .   .   26  25  64  63  62  61  

      41 G   U   G   G   U   G   G   C   A   A   G   A   A   G   A   A   C   U   C   U
         40  41  42  43  44  45  46  47  48  49  50  51  52  53  54  55  56  57  58  59  
         60  48  47  .   .   .   .   42  41  59  58  57  .   .   .   .   .   51  50  49  

      61 C   C   C   A   G   G   A   A   U   C   A   U   C   U   U   U   A   C   C   A
         60  61  62  63  64  65  66  67  68  69  70  71  72  73  74  75  76  77  78  79  
         40  39  38  37  36  72  71  .   .   .   .   66  65  23  22  21  20  19  18  .   

      81 A   A   U   C   U   C   A   A
         80  81  82  83  84  85  86  87  
         .   .   .   .   .   .   .   .   

----------------------------------------------------------------------
   Log odds score:       15600 
energy (kcal/mol):      -15.60 
number of pairs found:      23.00 
----------------------------------------------------------------------
Allow pseudoknots? NO
----------------------------------------------------------------------
Parameters (energy  units, kcal/mol)
 P1   parameter:         -0.00 
 P2   parameter:         -0.00 
 P3   parameter:          3.00 
 P4   parameter:         -0.00 
 P5   parameter:          4.60 
 P6   parameter:          0.40 
 P10  parameter:          0.10 
----------------------------------------------------------------------
